<?xml version="1.0" encoding="UTF-8"?>
<testsuite xmlns:xsi="http://www.w3.org/2001/XMLSchema-instance" xsi:noNamespaceSchemaLocation="https://maven.apache.org/surefire/maven-surefire-plugin/xsd/surefire-test-report-3.0.xsd" version="3.0" name="savemate.service.UnitaryTest" time="1.079" tests="18" errors="0" skipped="0" failures="0">
  <properties>
[...]
</properties>
  <testcase name="test9_updateUser_UpdateFirstName" classname="savemate.service.UnitaryTest" time="0.99">
    <system-out><![CDATA[20:23:59.779 [main] INFO savemate.service.UserService -- Actualizando usuario con ID: 1
20:23:59.779 [main] INFO savemate.service.UserService -- Usuario actualizado exitosamente
]]></system-out>
    <system-err><![CDATA[WARNING: A Java agent has been loaded dynamically (C:\Users\manue\.m2\repository\net\bytebuddy\byte-buddy-agent\1.14.10\byte-buddy-agent-1.14.10.jar)
WARNING: If a serviceability tool is in use, please run with -XX:+EnableDynamicAgentLoading to hide this warning
WARNING: If a serviceability tool is not in use, please run with -Djdk.instrument.traceUsage for more information
WARNING: Dynamic loading of agents will be disallowed by default in a future release
]]></system-err>
  </testcase>
  <testcase name="test11_updateSavingConfiguration_UpdateAllFields" classname="savemate.service.UnitaryTest" time="0.002">
    <system-out><![CDATA[20:23:59.809 [main] INFO savemate.service.UserService -- Actualizando configuración de ahorro para usuario ID: 1
20:23:59.811 [main] INFO savemate.service.UserService -- Configuración de ahorro actualizada exitosamente
]]></system-out>
  </testcase>
  <testcase name="test5_createUser_ExplicitSavingConfig_IsSet" classname="savemate.service.UnitaryTest" time="0.002">
    <system-out><![CDATA[20:23:59.815 [main] INFO savemate.service.UserService -- Creando nuevo usuario con email: test@example.com
20:23:59.815 [main] INFO savemate.service.UserService -- Usuario creado exitosamente con ID: 1
]]></system-out>
  </testcase>
  <testcase name="test18_updateTotalSaved_UserNotFound_ThrowsException" classname="savemate.service.UnitaryTest" time="0.002"/>
  <testcase name="test4_createUser_MissingPassword_ThrowsException" classname="savemate.service.UnitaryTest" time="0.0">
    <system-out><![CDATA[20:23:59.819 [main] INFO savemate.service.UserService -- Creando nuevo usuario con email: test@example.com
]]></system-out>
  </testcase>
  <testcase name="test3_createUser_MissingUsername_ThrowsException" classname="savemate.service.UnitaryTest" time="0.008">
    <system-out><![CDATA[20:23:59.827 [main] INFO savemate.service.UserService -- Creando nuevo usuario con email: test@example.com
]]></system-out>
  </testcase>
  <testcase name="test16_updateTotalSaved_IncrementSave" classname="savemate.service.UnitaryTest" time="0.003"/>
  <testcase name="test13_updateSavingConfiguration_PartialUpdateSavingType" classname="savemate.service.UnitaryTest" time="0.0">
    <system-out><![CDATA[20:23:59.833 [main] INFO savemate.service.UserService -- Actualizando configuración de ahorro para usuario ID: 1
]]></system-out>
  </testcase>
  <testcase name="test1_createUser_Success" classname="savemate.service.UnitaryTest" time="0.0">
    <system-out><![CDATA[20:23:59.833 [main] INFO savemate.service.UserService -- Creando nuevo usuario con email: test@example.com
20:23:59.833 [main] INFO savemate.service.UserService -- Usuario creado exitosamente con ID: 1
]]></system-out>
  </testcase>
  <testcase name="test14_linkBankAccount_Success" classname="savemate.service.UnitaryTest" time="0.009">
    <system-out><![CDATA[20:23:59.842 [main] INFO savemate.service.UserService -- Vinculando cuenta bancaria para usuario ID: 1
20:23:59.842 [main] INFO savemate.service.UserService -- Cuenta bancaria vinculada exitosamente
]]></system-out>
  </testcase>
  <testcase name="test6_getUserById_Success" classname="savemate.service.UnitaryTest" time="0.002"/>
  <testcase name="test15_updateTotalSaved_InitialSave" classname="savemate.service.UnitaryTest" time="0.002"/>
  <testcase name="test10_updateUser_NotFound_ThrowsException" classname="savemate.service.UnitaryTest" time="0.002">
    <system-out><![CDATA[20:23:59.850 [main] INFO savemate.service.UserService -- Actualizando usuario con ID: 99
]]></system-out>
  </testcase>
  <testcase name="test8_getUserByEmail_Success" classname="savemate.service.UnitaryTest" time="0.0"/>
  <testcase name="test17_updateTotalSaved_NegativeAmount_ReducesTotal" classname="savemate.service.UnitaryTest" time="0.0"/>
  <testcase name="test7_getUserById_NotFound" classname="savemate.service.UnitaryTest" time="0.004"/>
  <testcase name="test2_createUser_EmailAlreadyExists_ThrowsException" classname="savemate.service.UnitaryTest" time="0.002">
    <system-out><![CDATA[20:23:59.860 [main] INFO savemate.service.UserService -- Creando nuevo usuario con email: test@example.com
]]></system-out>
  </testcase>
  <testcase name="test12_updateSavingConfiguration_PartialUpdateRoundingMultiple" classname="savemate.service.UnitaryTest" time="0.002">
    <system-out><![CDATA[20:23:59.862 [main] INFO savemate.service.UserService -- Actualizando configuración de ahorro para usuario ID: 1
]]></system-out>
  </testcase>
</testsuite>